<?xml version="1.0" encoding="UTF-8"?>
<testsuite xmlns:xsi="http://www.w3.org/2001/XMLSchema-instance" xsi:schemaLocation="https://maven.apache.org/surefire/maven-surefire-plugin/xsd/surefire-test-report.xsd" name="TestSuite" time="122.597" tests="9" errors="0" skipped="0" failures="0">
  <properties>
[...]
</properties>
  <testcase name="char_sequence_I" classname="jenkins.maven.test.Character_Sequence" time="25.013"/>
  <testcase name="char_sequence_II" classname="jenkins.maven.test.Character_Sequence" time="21.63"/>
  <testcase name="char_sequence_III" classname="jenkins.maven.test.Character_Sequence" time="20.761"/>
  <testcase name="char_sequence_IV" classname="jenkins.maven.test.Character_Sequence" time="22.606"/>
  <testcase name="launch" classname="jenkins.maven.test.Checking_Jenkins_Integration" time="31.105"/>
  <testcase name="equalgnorecase" classname="jenkins.maven.test.Test_Jenkins" time="0.015"/>
  <testcase name="samplecode" classname="jenkins.maven.test.Test_Jenkins" time="0"/>
  <testcase name="tolower" classname="jenkins.maven.test.Test_Jenkins" time="0"/>
  <testcase name="touppercase" classname="jenkins.maven.test.Test_Jenkins" time="0.016"/>
</testsuite>