<?xml version="1.0" encoding="UTF-8"?>
<testng-results skipped="0" failed="0" total="9" passed="9">
  <reporter-output>
  </reporter-output>
  <suite name="Suite" duration-ms="121162" started-at="2019-11-15T13:53:14Z" finished-at="2019-11-15T13:55:15Z">
    <groups>
    </groups>
    <test name="Test" duration-ms="121162" started-at="2019-11-15T13:53:14Z" finished-at="2019-11-15T13:55:15Z">
      <class name="jenkins.maven.test.Checking_Jenkins_Integration">
        <test-method status="PASS" signature="launch()[pri:0, instance:jenkins.maven.test.Checking_Jenkins_Integration@3900fa71]" name="launch" duration-ms="31105" started-at="2019-11-15T19:24:44Z" finished-at="2019-11-15T19:25:15Z">
          <reporter-output>
          </reporter-output>
        </test-method> <!-- launch -->
      </class> <!-- jenkins.maven.test.Checking_Jenkins_Integration -->
      <class name="jenkins.maven.test.Test_Jenkins">
        <test-method status="PASS" signature="equalgnorecase()[pri:0, instance:jenkins.maven.test.Test_Jenkins@26722665]" name="equalgnorecase" duration-ms="15" started-at="2019-11-15T19:25:15Z" finished-at="2019-11-15T19:25:15Z">
          <reporter-output>
          </reporter-output>
        </test-method> <!-- equalgnorecase -->
        <test-method status="PASS" signature="samplecode()[pri:0, instance:jenkins.maven.test.Test_Jenkins@26722665]" name="samplecode" duration-ms="0" started-at="2019-11-15T19:25:15Z" finished-at="2019-11-15T19:25:15Z">
          <reporter-output>
          </reporter-output>
        </test-method> <!-- samplecode -->
        <test-method status="PASS" signature="tolower()[pri:0, instance:jenkins.maven.test.Test_Jenkins@26722665]" name="tolower" duration-ms="0" started-at="2019-11-15T19:25:15Z" finished-at="2019-11-15T19:25:15Z">
          <reporter-output>
          </reporter-output>
        </test-method> <!-- tolower -->
        <test-method status="PASS" signature="touppercase()[pri:0, instance:jenkins.maven.test.Test_Jenkins@26722665]" name="touppercase" duration-ms="0" started-at="2019-11-15T19:25:15Z" finished-at="2019-11-15T19:25:15Z">
          <reporter-output>
          </reporter-output>
        </test-method> <!-- touppercase -->
      </class> <!-- jenkins.maven.test.Test_Jenkins -->
      <class name="jenkins.maven.test.Character_Sequence">
        <test-method status="PASS" signature="char_sequence_I()[pri:0, instance:jenkins.maven.test.Character_Sequence@56d93692]" name="char_sequence_I" duration-ms="25017" started-at="2019-11-15T19:23:14Z" finished-at="2019-11-15T19:23:39Z">
          <reporter-output>
          </reporter-output>
        </test-method> <!-- char_sequence_I -->
        <test-method status="PASS" signature="char_sequence_II()[pri:0, instance:jenkins.maven.test.Character_Sequence@56d93692]" name="char_sequence_II" duration-ms="21630" started-at="2019-11-15T19:23:39Z" finished-at="2019-11-15T19:24:00Z">
          <reporter-output>
          </reporter-output>
        </test-method> <!-- char_sequence_II -->
        <test-method status="PASS" signature="char_sequence_III()[pri:0, instance:jenkins.maven.test.Character_Sequence@56d93692]" name="char_sequence_III" duration-ms="20761" started-at="2019-11-15T19:24:00Z" finished-at="2019-11-15T19:24:21Z">
          <reporter-output>
          </reporter-output>
        </test-method> <!-- char_sequence_III -->
        <test-method status="PASS" signature="char_sequence_IV()[pri:0, instance:jenkins.maven.test.Character_Sequence@56d93692]" name="char_sequence_IV" duration-ms="22606" started-at="2019-11-15T19:24:21Z" finished-at="2019-11-15T19:24:44Z">
          <reporter-output>
          </reporter-output>
        </test-method> <!-- char_sequence_IV -->
      </class> <!-- jenkins.maven.test.Character_Sequence -->
    </test> <!-- Test -->
  </suite> <!-- Suite -->
</testng-results>
