<?xml version="1.0" encoding="UTF-8"?>
<!-- Generated by org.testng.reporters.JUnitXMLReporter -->
<testsuite hostname="DESKTOP-7Q4CG2U" name="Test" tests="9" failures="0" timestamp="15 Nov 2019 13:55:15 GMT" time="121.162" errors="0">
  <testcase name="char_sequence_I" time="25.017" classname="jenkins.maven.test.Character_Sequence"/>
  <testcase name="char_sequence_II" time="21.63" classname="jenkins.maven.test.Character_Sequence"/>
  <testcase name="char_sequence_III" time="20.761" classname="jenkins.maven.test.Character_Sequence"/>
  <testcase name="char_sequence_IV" time="22.606" classname="jenkins.maven.test.Character_Sequence"/>
  <testcase name="launch" time="31.105" classname="jenkins.maven.test.Checking_Jenkins_Integration"/>
  <testcase name="equalgnorecase" time="0.015" classname="jenkins.maven.test.Test_Jenkins"/>
  <testcase name="samplecode" time="0.0" classname="jenkins.maven.test.Test_Jenkins"/>
  <testcase name="tolower" time="0.0" classname="jenkins.maven.test.Test_Jenkins"/>
  <testcase name="touppercase" time="0.0" classname="jenkins.maven.test.Test_Jenkins"/>
</testsuite> <!-- Test -->
